<?xml version="1.0" encoding="UTF-8"?>
<testng-results ignored="0" total="1" passed="0" failed="1" skipped="0">
  <reporter-output>
  </reporter-output>
  <suite started-at="2021-10-23T14:59:14 IST" name="Default suite" finished-at="2021-10-23T14:59:45 IST" duration-ms="30531">
    <groups>
    </groups>
    <test started-at="2021-10-23T14:59:14 IST" name="Default test" finished-at="2021-10-23T14:59:45 IST" duration-ms="30531">
      <class name="com.testingshastra.UItests.SignUpPageTests">
        <test-method is-config="true" signature="setUp()[pri:0, instance:com.testingshastra.UItests.SignUpPageTests@6150c3ec]" started-at="2021-10-23T14:59:14 IST" name="setUp" finished-at="2021-10-23T14:59:35 IST" duration-ms="20293" status="PASS">
          <reporter-output>
          </reporter-output>
        </test-method> <!-- setUp -->
        <test-method signature="validateFullNameFieldForCorrectInput()[pri:0, instance:com.testingshastra.UItests.SignUpPageTests@6150c3ec]" started-at="2021-10-23T14:59:35 IST" name="validateFullNameFieldForCorrectInput" finished-at="2021-10-23T14:59:42 IST" duration-ms="7050" status="FAIL">
          <exception class="java.lang.NullPointerException">
            <message>
              <![CDATA[Cannot invoke "org.openqa.selenium.WebElement.sendKeys(java.lang.CharSequence[])" because the return value of "com.testingshastra.keywords.UIKeywords.getWebElement(String, String)" is null]]>
            </message>
            <full-stacktrace>
              <![CDATA[java.lang.NullPointerException: Cannot invoke "org.openqa.selenium.WebElement.sendKeys(java.lang.CharSequence[])" because the return value of "com.testingshastra.keywords.UIKeywords.getWebElement(String, String)" is null
at com.testingshastra.keywords.UIKeywords.enterText(UIKeywords.java:94)
at com.testingshastra.UItests.SignUpPageTests.validateFullNameFieldForCorrectInput(SignUpPageTests.java:44)
at java.base/jdk.internal.reflect.NativeMethodAccessorImpl.invoke0(Native Method)
at java.base/jdk.internal.reflect.NativeMethodAccessorImpl.invoke(NativeMethodAccessorImpl.java:64)
at java.base/jdk.internal.reflect.DelegatingMethodAccessorImpl.invoke(DelegatingMethodAccessorImpl.java:43)
at java.base/java.lang.reflect.Method.invoke(Method.java:564)
at org.testng.internal.MethodInvocationHelper.invokeMethod(MethodInvocationHelper.java:134)
at org.testng.internal.TestInvoker.invokeMethod(TestInvoker.java:597)
at org.testng.internal.TestInvoker.invokeTestMethod(TestInvoker.java:173)
at org.testng.internal.MethodRunner.runInSequence(MethodRunner.java:46)
at org.testng.internal.TestInvoker$MethodInvocationAgent.invoke(TestInvoker.java:816)
at org.testng.internal.TestInvoker.invokeTestMethods(TestInvoker.java:146)
at org.testng.internal.TestMethodWorker.invokeTestMethods(TestMethodWorker.java:146)
at org.testng.internal.TestMethodWorker.run(TestMethodWorker.java:128)
at java.base/java.util.ArrayList.forEach(ArrayList.java:1511)
at org.testng.TestRunner.privateRun(TestRunner.java:766)
at org.testng.TestRunner.run(TestRunner.java:587)
at org.testng.SuiteRunner.runTest(SuiteRunner.java:384)
at org.testng.SuiteRunner.runSequentially(SuiteRunner.java:378)
at org.testng.SuiteRunner.privateRun(SuiteRunner.java:337)
at org.testng.SuiteRunner.run(SuiteRunner.java:286)
at org.testng.SuiteRunnerWorker.runSuite(SuiteRunnerWorker.java:53)
at org.testng.SuiteRunnerWorker.run(SuiteRunnerWorker.java:96)
at org.testng.TestNG.runSuitesSequentially(TestNG.java:1187)
at org.testng.TestNG.runSuitesLocally(TestNG.java:1109)
at org.testng.TestNG.runSuites(TestNG.java:1039)
at org.testng.TestNG.run(TestNG.java:1007)
at org.testng.remote.AbstractRemoteTestNG.run(AbstractRemoteTestNG.java:115)
at org.testng.remote.RemoteTestNG.initAndRun(RemoteTestNG.java:251)
at org.testng.remote.RemoteTestNG.main(RemoteTestNG.java:77)
]]>
            </full-stacktrace>
          </exception> <!-- java.lang.NullPointerException -->
          <reporter-output>
          </reporter-output>
        </test-method> <!-- validateFullNameFieldForCorrectInput -->
        <test-method is-config="true" signature="tearDown()[pri:0, instance:com.testingshastra.UItests.SignUpPageTests@6150c3ec]" started-at="2021-10-23T14:59:44 IST" name="tearDown" finished-at="2021-10-23T14:59:45 IST" duration-ms="1053" status="PASS">
          <reporter-output>
          </reporter-output>
        </test-method> <!-- tearDown -->
      </class> <!-- com.testingshastra.UItests.SignUpPageTests -->
    </test> <!-- Default test -->
  </suite> <!-- Default suite -->
</testng-results>
